https://openapi.alipay.com/gateway.do?format=json&timestamp=2018-01-12+21%3A09%3A55&charset=utf-8&app_id=2018010301557345&biz_content=%7B%22out_trade_no%22%3A%22201801122109557393750757%22%7D&sign=Au1iPZx%2F2CHCQ2jZS0AyhRLbMZ1ic0zLDxqn7gyJ%2FXkfYP2vqcumS7IMptyn2u4ROjnjKArDWFlGpqlCnxz1aecc0Y6C7LZmCaocLGgc8TZp7f3CvF7%2Fln%2FPjwfs0KG10jhZDmetUBQOog9L%2FeMuM2ZBPpAzK8sRkWm%2Fwy%2Bh39%2BMFt6aUSaY5qUn6BquTPoQB8rCkC%2FqTmHmpz1%2FVdr0SjcOaoReeLXWEZRjBTrNXutrPwD%2BZn4RhwlpDgSOSMZYHlVFSenZlzp%2BFpK244iFoS2rYZnOmh3QMCeqYzr0Z8tudl8JwA9iilKbvpCpgR6kj3x27Y43ywRVCSCn%2Fz49mA%3D%3D&version=1.0&sign_type=RSA2&method=alipay.trade.query
{u'code': u'40004', u'sub_msg': u'\u4ea4\u6613\u4e0d\u5b58\u5728', u'sub_code': u'ACQ.TRADE_NOT_EXIST', u'receipt_amount': u'0.00', u'out_trade_no': u'201801122109557393750757', u'buyer_pay_amount': u'0.00', u'invoice_amount': u'0.00', u'msg': u'Business Failed', u'point_amount': u'0.00'}


https://openapi.alipay.com/gateway.do?format=json&timestamp=2018-01-12+21%3A25%3A23&app_id=2018010301557345&biz_content=%7B%22out_trade_no%22%3A%22201801122125237609127120%22%2C%22product_code%22%3A%22FAST_INSTANT_TRADE_PAY%22%2C%22total_amount%22%3A0.01%2C%22subject%22%3A%22%5Cu652f%5Cu4ed8%5Cu5b9d%5Cu56de%5Cu8c03%5Cu6d4b%5Cu8bd5%22%7D&sign=l3Iavy22zoNSVaDYK0I3ElOm7RWcKxLj1CskNBbhOYfQ5ArmBV66FNucT0gfOUUEz9h6wdQHVKcvKLABZVUYWcG3lp7bdmPhAupgDKUYp%2BzIUrQ8FnZmKygBhPhoLGw9XW4r%2FK%2BhqwnZ8%2BSUAq3uHFdsbT5%2FyCon5TOxclLLiGmhVf1WhtZfU1lImHGZWtIN6jaBIayA1psgRQfe7f8vYVpyrIVRFji5C2rFRQQPDjkgO%2BK17AKAYtcHW7qGfMYK45140m8T5WPOOo3x%2F8FNNXhTV4g%2BmM55cBeByouOuA6Yp2JK0dUrn1QlZaXwtJbk18Eo5Wc10K50Edw6jaVcjA%3D%3D&notify_url=http%3A%2F%2Fyongxinxue.xin%2Freturn_url%2F3&charset=utf-8&version=1.0&sign_type=RSA2&method=alipay.trade.page.pay&return_url=http%3A%2F%2Fyongxinxue.xin%2Falipay%2Fcallback
query_order_url3teacher
https://openapi.alipay.com/gateway.do?format=json&timestamp=2018-01-12+21%3A25%3A26&app_id=2018010301557345&biz_content=%7B%22out_trade_no%22%3A%22201801122125266546998200%22%2C%22product_code%22%3A%22FAST_INSTANT_TRADE_PAY%22%2C%22total_amount%22%3A0.01%2C%22subject%22%3A%22%5Cu652f%5Cu4ed8%5Cu5b9d%5Cu56de%5Cu8c03%5Cu6d4b%5Cu8bd5%22%7D&sign=n5Eeoye5uXlIsWvxrEk32nUqceEHjbdb9SFCCNiHi0IRY0pfesnUjxE0unLTSjjrZzPX22iWELA46Rx7HmpMk7zememHdUd%2FzxEFscpIYJV5fO2RTO8DsMV2tMmJP13OqsexOXDhgAFJJf2WIf4QjWElSRr1nqzQ3d18aj0ZGtEe3k4x%2FaKy3m%2FMrwcvlD%2FoyGvlc7QEbCUKQ2uICAvFkjzHcXPcYCnlmYTNzTaAwljmNsc3jhXstQ4dmMG6Jzktr5PaKMzbwp7uD9BCtk91%2BDhYSO8bumSMA3Km2icwww1A%2FEizc2PQLSMGKMw67VySOubjhM8p3zlSraGL6ES8Ag%3D%3D&notify_url=http%3A%2F%2Fyongxinxue.xin%2Freturn_url%2F3&charset=utf-8&version=1.0&sign_type=RSA2&method=alipay.trade.page.pay&return_url=http%3A%2F%2Fyongxinxue.xin%2Falipay%2Fcallback
query_order_url3teacher
https://openapi.alipay.com/gateway.do?format=json&timestamp=2018-01-12+21%3A25%3A27&app_id=2018010301557345&biz_content=%7B%22out_trade_no%22%3A%22201801122125272054589614%22%2C%22product_code%22%3A%22FAST_INSTANT_TRADE_PAY%22%2C%22total_amount%22%3A0.01%2C%22subject%22%3A%22%5Cu652f%5Cu4ed8%5Cu5b9d%5Cu56de%5Cu8c03%5Cu6d4b%5Cu8bd5%22%7D&sign=SNessxZZdr1NVZjY1amWWa9Vzy8WzTOF38%2B0h7h6GuI56yKzmywl7MLtLbCMhbi27%2Bq%2F6k65b52Mv2XHsCCPQz3TnlfkXUVoZiYJsWGvyxsl4VIC0njhTUPuaviusALMxukufZkAv4rmidb%2FAmz7AkbjIJruAIqgQkhP%2Bz6s%2F8Z7OA%2FFKaIRODpmSjp4rKud7I4831S0qL0R4PEEPtMmarOU7UPJFS%2BDYxpZ9ANhzcoceNQqkntGHVCwyyARfOGatg20AsZP3FBnoLRnJWkASpdkfeEtwarmd25oevcJuG1R8e5xTZz%2BN74S45gAz3xbPfRtcJKAauHYjDgrcmid0g%3D%3D&notify_url=http%3A%2F%2Fyongxinxue.xin%2Freturn_url%2F3&charset=utf-8&version=1.0&sign_type=RSA2&method=alipay.trade.page.pay&return_url=http%3A%2F%2Fyongxinxue.xin%2Falipay%2Fcallback
query_order_url3teacher
https://openapi.alipay.com/gateway.do?format=json&timestamp=2018-01-12+21%3A25%3A27&app_id=2018010301557345&biz_content=%7B%22out_trade_no%22%3A%22201801122125278007082908%22%2C%22product_code%22%3A%22FAST_INSTANT_TRADE_PAY%22%2C%22total_amount%22%3A0.01%2C%22subject%22%3A%22%5Cu652f%5Cu4ed8%5Cu5b9d%5Cu56de%5Cu8c03%5Cu6d4b%5Cu8bd5%22%7D&sign=Xn6uijvJMmiboiSEak2tR453%2BUb6YMGrOlQ1IN%2BLLSpjAKyIWfit9ZX3wAr9vKD%2F03%2FiPcfzU%2
https://openapi.alipay.com/gateway.do?format=json&timestamp=2018-01-12+21%3A09%3A55&app_id=2018010301557345&biz_content=%7B%22out_trade_no%22%3A%22201801122109557393750757%22%2C%22product_code%22%3A%22FAST_INSTANT_TRADE_PAY%22%2C%22total_amount%22%3A0.01%2C%22subject%22%3A%22%5Cu652f%5Cu4ed8%5Cu5b9d%5Cu56de%5Cu8c03%5Cu6d4b%5Cu8bd5%22%7D&sign=RGSN6DHElxny8SYDSK32XatAUlOLSvDmKt4knMOgqC6ttHAD%2BLbJrtRMqLFwkzmRxxEVl%2FOog2gzW%2FoR0Aq9g9XntFX%2BWg7HUEhG1v094pSagBvsIouh%2FqerNlyRwOEpZKdiJrfDeoeoAKQ%2Fug0E4rbf6R7mdd98olDsPUmWrrhX0%2FobqT7Xh4toOgkbvGy8CDgJfRuubzBBK3zK9r0GJ6QPv0xJ3XnyDT%2B0icvE2KQWuRBSlmT1qM6LPB7Lfu82Kbfr2j3t8QVhtFMvCZzS44sVCzd2gLwehxn%2F2n4SfT7zfOnyLC2cy1IHWkr%2BrxfFH0Qat2GFqU%2FDythuTzNZMA%3D%3D&notify_url=http%3A%2F%2Fyongxinxue.xin%2Freturn_url%2F3&charset=utf-8&version=1.0&sign_type=RSA2&method=alipay.trade.page.pay&return_url=http%3A%2F%2Fyongxinxue.xin%2Falipay%2Fcallback
query_order_url3teacher


https://openapi.alipay.com/gateway.do?format=json&timestamp=2018-01-12+21%3A25%3A25&app_id=2018010301557345&biz_content=%7B%22out_trade_no%22%3A%22201801122125255423720542%22%2C%22product_code%22%3A%22FAST_INSTANT_TRADE_PAY%22%2C%22total_amount%22%3A0.01%2C%22subject%22%3A%22%5Cu652f%5Cu4ed8%5Cu5b9d%5Cu56de%5Cu8c03%5Cu6d4b%5Cu8bd5%22%7D&sign=pdhXyNyLtoW3AUcn7VmysKQr%2BydawncGgyrV%2BNKGidIVnS2lXCAThPLbdNoBn8aD7LcsJe4Y4x6mwFQc88Zi7XA3TCpFEcn%2B%2BCqRZKwUcraora9iiP8OVQISCK6UF8RwZbqPA4Y83gYxkLZvfNRUkSpfkcOKIenuCJCVtjHUUZcfIhs8CpXejyUYdJOA5ubMYUBvGkiREhUXaMdVC9J7EBJE6EYRaA2OjaHQ3wV0nrt68wMIKUToFf0m5wgIHdUOvOYRQzMAoyOn1DOFrF9wAG9p7%2B5MIESUdbP%2F%2BshpbhoJdkL4k4iaky6cBTLTFozU2LMSIl2DM8ecJC8DRo5M7A%3D%3D&notify_url=http%3A%2F%2Fyongxinxue.xin%2Freturn_url%2F3&charset=utf-8&version=1.0&sign_type=RSA2&method=alipay.trade.page.pay&return_url=http%3A%2F%2Fyongxinxue.xin%2Falipay%2Fcallback
query_order_url3teacher
https://openapi.alipay.com/gateway.do?format=json&timestamp=2018-01-12+21%3A25%3A26&app_id=2018010301557345&biz_content=%7B%22out_trade_no%22%3A%22201801122125266155885351%22%2C%22product_code%22%3A%22FAST_INSTANT_TRADE_PAY%22%2C%22total_amount%22%3A0.01%2C%22subject%22%3A%22%5Cu652f%5Cu4ed8%5Cu5b9d%5Cu56de%5Cu8c03%5Cu6d4b%5Cu8bd5%22%7D&sign=grMfFmWJgj1el9D2zvXQMS9GpwGP3Xxh%2FvqDCVU3m2KTH6K88KIuzCalpR5%2Bz8yiILXanSqKquwuCAaJ8Cht7uMZPZFs%2B%2BW99LaTjCp2JkR%2FX%2FTzW%2Bmko3uL6yfPYjky8qCkRZXNr3zJriXAxXrSpetivi3TQ%2BR1DmJsizF31i2i4M7HGRSYzPHR%2BfcZIVsZQpKeXp29yoqjpQpWE2Ji%2BZwy90WKtvMX7MJEx4OoYNoMVNTHVYqG5tA%2FteQousAL8V3k93hR35nQXybQErcaevROCNQ1b0XgbTWVMQj6sljDut1P%2BBw0Bb9FpNzSk1V%2FktTuLq4XX5qh3Cmg304Dsg%3D%3D&notify_url=http%3A%2F%2Fyongxinxue.xin%2Freturn_url%2F3&charset=utf-8&version=1.0&sign_type=RSA2&method=alipay.trade.page.pay&return_url=http%3A%2F%2Fyongxinxue.xin%2Falipay%2Fcallback
query_order_url3teacher
https://openapi.alipay.com/gateway.do?format=json&timestamp=2018-01-12+21%3A25%3A27&app_id=2018010301557345&biz_content=%7B%22out_trade_no%22%3A%22201801122125279014595208%22%2C%22product_code%22%3A%22FAST_INSTANT_TRADE_PAY%22%2C%22total_amount%22%3A0.01%2C%22subject%22%3A%22%5Cu652f%5Cu4ed8%5Cu5b9d%5Cu56de%5Cu8c03%5Cu6d4b%5Cu8bd5%22%7D&sign=NoxgzeFl0fOvbsxJ1ABtRgNzWBY8Rpul9e65aa%2BZWlq48QXwK6kbkz26VPj1drPE2XW%2BgvzgGJA1b7m1IHdWsXtCovCGE%2FHmugCI%2Fjtp4PX75X%2BekQtvpuXIUqRRL6n4OAq9uqOmuRedkyjVnoGCHd47dyV59HAxttdpOLvfVYv6q%2FMaSx1iqB4C0foooTzXkdnxto1NO%2FVjiT9fETgcMp%2BfZNNn%2FKo1yeRKr5Ka0guzYulCc%2F6O0Y8hLGk5M1xr6gLuLvY90bEYNzJqDLTVYV381I4umc1LjDCMNAMIg237QCaoRR%2FbaZFylt%2FJ1DVe9o46myYXb%2FlPwdVQTY5umQ%3D%3D&notify_url=http%3A%2F%2Fyongxinxue.xin%2Freturn_url%2F3&charset=utf-8&version=1.0&sign_type=RSA2&method=alipay.trade.page.pay&return_url=http%3A%2F%2Fyongxinxue.xin%2Falipay%2Fcallback
query_order_url3teacher
https://openapi.alipay.com/gateway.do?format=json&timestamp=2018-01-12+21%3A25%3A27&app_id=2018010301557345&biz_content=%7B%22out_trade_no%22%3A%22201801122125277574539321%22%2C%22product_code%22%3A%22FAST_INSTANT_TRADE_PAY%22%2C%22total_amount%22%3A0.01%2C%22subject%22%3A%22%5Cu652f%5Cu4ed8%5Cu5b9d%5Cu56de%5Cu8c03%5Cu6d4b%5Cu8bd5%22%7D&sign=nWm1l0dvXKsWcY1Hf%2B57Kgrw01Wsg9BrASRRX1VSCLG8sJpVkGL
https://openapi.alipay.com/gateway.do?format=json&timestamp=2018-01-12+21%3A09%3A55&charset=utf-8&app_id=2018010301557345&biz_content=%7B%22out_trade_no%22%3A%22201801122109557393750757%22%7D&sign=Au1iPZx%2F2CHCQ2jZS0AyhRLbMZ1ic0zLDxqn7gyJ%2FXkfYP2vqcumS7IMptyn2u4ROjnjKArDWFlGpqlCnxz1aecc0Y6C7LZmCaocLGgc8TZp7f3CvF7%2Fln%2FPjwfs0KG10jhZDmetUBQOog9L%2FeMuM2ZBPpAzK8sRkWm%2Fwy%2Bh39%2BMFt6aUSaY5qUn6BquTPoQB8rCkC%2FqTmHmpz1%2FVdr0SjcOaoReeLXWEZRjBTrNXutrPwD%2BZn4RhwlpDgSOSMZYHlVFSenZlzp%2BFpK244iFoS2rYZnOmh3QMCeqYzr0Z8tudl8JwA9iilKbvpCpgR6kj3x27Y43ywRVCSCn%2Fz49mA%3D%3D&version=1.0&sign_type=RSA2&method=alipay.trade.query
{u'code': u'40004', u'sub_msg': u'\u4ea4\u6613\u4e0d\u5b58\u5728', u'sub_code': u'ACQ.TRADE_NOT_EXIST', u'receipt_amount': u'0.00', u'out_trade_no': u'201801122109557393750757', u'buyer_pay_amount': u'0.00', u'invoice_amount': u'0.00', u'msg': u'Business Failed', u'point_amount': u'0.00'}
https://openapi.alipay.com/gateway.do?format=json&timestamp=2018-01-12+21%3A30%3A41&charset=utf-8&app_id=2018010301557345&biz_content=%7B%22out_trade_no%22%3A%22201801122130413944223804%22%7D&sign=UL7S999nN8GHlpYImajBYw9rIAXDoPcgMyb7cMS9kf8%2BQJF05auimUCR6cbXBTKLrb%2B31ACSDxa1IP1895iMknTLLV90ZZ%2FM5NEs8%2B9mhvGRCozDusLvMI%2FF3Igk3QKdGGoIz8JXVEwPsf%2F988Md6k2845fhefSCLSuGMwYv8R7DdACBGQ7mvtc0PbI34648gjMm7ZDgaQnWYAP6QVp0Y8bCJu9yhh9JA%2FgtJImp5akE2tiP%2FumjyLK0e3CU4AHjgvWEQhG4%2BkUfZly593gzVSNP%2FJ4G7bTlmhUtog7Jhn35o9hRH8kfSGDZSXlwaLg5zW4bCqfHiGSS%2BR8WMqhh2A%3D%3D&version=1.0&sign_type=RSA2&method=alipay.trade.query
{u'code': u'40004', u'sub_msg': u'\u4ea4\u6613\u4e0d\u5b58\u5728', u'sub_code': u'ACQ.TRADE_NOT_EXIST', u'receipt_amount': u'0.00', u'out_trade_no': u'201801122130413944223804', u'buyer_pay_amount': u'0.00', u'invoice_amount': u'0.00', u'msg': u'Business Failed', u'point_amount': u'0.00'}
https://openapi.alipay.com/gateway.do?format=json&timestamp=2018-01-12+21%3A39%3A52&charset=utf-8&app_id=2018010301557345&biz_content=%7B%22out_trade_no%22%3A%22201801122139527422218691%22%7D&sign=UXfI%2FsFPap%2Bzf3be5A74NROgp78Vw8GaYM5N%2BaXIhtOdShljvXRh8UCOI4HwVZ%2BKUaOyHBvpSQSrWsev3kNCWiMofpphr%2FPEY8uLTCsNRbmEewTSE5eQzWRhXsmHxh8HHjCpGlrfL8KHJuP%2Bg3U%2F9o7odxNfGuSBHsyk%2F5L0HUht%2BiDTIkKf14foCOUGlXrfr347yTozv8uiRIYXgbZq84RZ8OLQvzU4m5iikKBBZohj098iqkdMqyv%2B9%2BC89gaMbruixB6t%2BX6d0Lx8npCqdko7YAOKT%2BKouUB%2Bq6jwz5huq0fRi6886wtnnr4f5t9gSiABATXmpy%2BDhTuOoI86%2Bg%3D%3D&version=1.0&sign_type=RSA2&method=alipay.trade.query
{u'code': u'40004', u'sub_msg': u'\u4ea4\u6613\u4e0d\u5b58\u5728', u'sub_code': u'ACQ.TRADE_NOT_EXIST', u'receipt_amount': u'0.00', u'out_trade_no': u'201801122139527422218691', u'buyer_pay_amount': u'0.00', u'invoice_amount': u'0.00', u'msg': u'Business Failed', u'point_amount': u'0.00'}
8BdAthVZPqXK%2FIHqfXZ7UZRZC2o7ikdRo5W%2Bi5uzwurEMPVQnkg9m%2FHyigzw%2FUCmIQyckdvwHqlhhdgCbUavXVZ%2FKJOxiaXedUFp4d23GBiyn4jn%2FZZQy3ZJMxoKk1CEiG7SS8871I61IbbnxdXtDJNSERkuX1CB8gLLCDwKO2bgSVuaRfHSKqqWmZ7Xz1uXagD4wakk95CXH%2BtMi6y3zajIhOnh1bPtKq6XROCSvLmF0qT%2FQ0Bbn7hJDNx8MaQSnjxa6c%2FwVhELsFOkwiGIlBLbvwQ65R%2BgqAw%3D%3D&notify_url=http%3A%2F%2Fyongxinxue.xin%2Freturn_url%2F3&charset=utf-8&version=1.0&sign_type=RSA2&method=alipay.trade.page.pay&return_url=http%3A%2F%2Fyongxinxue.xin%2Falipay%2Fcallback
query_order_url3teacher
FsV01IrYmLMAEyTMNshgzuiAI6ZU3WqP69QFqCMpatN%2B9HVBE5SXB0f1wwHEuigtSdJnvfDBZWy98pKsRQMz6l%2FKIkIlw%2Fr7J%2BNlEMM43NsF4Gk7RP5r07G5r19wTDypjeufZq3M1X%2BWx%2Bh%2FZfbxk4gqfOz%2BPzl3QGCR4274PSJxgugvo%2FepcPv6%2FBjIdeda0Iv1xjqETakwi4Yj7sMrGVjreSPGeCoLWzCtISbAQRD3ON95CG2Rd2J2g4fmL9aMgwAqJpTPrQfpQ%3D%3D&notify_url=http%3A%2F%2Fyongxinxue.xin%2Freturn_url%2F3&charset=utf-8&version=1.0&sign_type=RSA2&method=alipay.trade.page.pay&return_url=http%3A%2F%2Fyongxinxue.xin%2Falipay%2Fcallback
query_order_url3teacher
https://openapi.alipay.com/gateway.do?format=json&timestamp=2018-01-12+21%3A25%3A27&app_id=2018010301557345&biz_content=%7B%22out_trade_no%22%3A%22201801122125271813571232%22%2C%22product_code%22%3A%22FAST_INSTANT_TRADE_PAY%22%2C%22total_amount%22%3A0.01%2C%22subject%22%3A%22%5Cu652f%5Cu4ed8%5Cu5b9d%5Cu56de%5Cu8c03%5Cu6d4b%5Cu8bd5%22%7D&sign=lkHM%2FRC0F9qvst6qb0RZkCyTrIGZ7neKnWGaWaISphaRYTe3%2Fsqgstpx35P7Tuhtxru2Eg11q2qeWeLDi07bVsSA1f1SrPWcW2n%2BIs3c5Xd%2F5LdtZZlXK2IiBzfasqhE2rRM23A%2BlUkrV0NpBe1naPhPwPGvNMwpvsvbgxNbt599f0p7U4cmZLAr0Hft2Fc0%2FxcHYFqeeiNlJvBtA5I0pnFUSLs5Rd%2BkDwqJrN1HK8cagZQqzrYkBOPwhkOtB3mXRGQ9WtzYdYQQwQQK%2FqjOHHULr8Pwrg%2B8E46TAlqTm2j0QHxs%2Bg5RE31ob%2FGP5Y0X4WemebQ9B%2BB3zWULEVsPZg%3D%3D&notify_url=http%3A%2F%2Fyongxinxue.xin%2Freturn_url%2F3&charset=utf-8&version=1.0&sign_type=RSA2&method=alipay.trade.page.pay&return_url=http%3A%2F%2Fyongxinxue.xin%2Falipay%2Fcallback
query_order_url3teacher
https://openapi.alipay.com/gateway.do?format=json&timestamp=2018-01-12+21%3A30%3A41&app_id=2018010301557345&biz_content=%7B%22out_trade_no%22%3A%22201801122130413944223804%22%2C%22product_code%22%3A%22FAST_INSTANT_TRADE_PAY%22%2C%22total_amount%22%3A0.01%2C%22subject%22%3A%22%5Cu652f%5Cu4ed8%5Cu5b9d%5Cu56de%5Cu8c03%5Cu6d4b%5Cu8bd5%22%7D&sign=kuC3sSg6%2BdeueZR8oeiA%2Bb3N%2Fd14XlovrJInhvrhy%2FoV0JEPiHwkAqeenxy6JEWJdj8OTi0uQIOAC3vux1FiYWj6pgQ8iWpnGdrfTffB1Yp6AMY9WoD7MI3opQP8JZYkjowTVqZ0ks3Vz%2B5NLb94pXrteQ%2BXQiS2ef6eJ1Xn%2Fc5lSJs7CSMdDD7632kyDImQC3LvnGXDd7Gi8Tmfw2rUONIXBJWBCFGjEmwpsht03cOQi6nfsUQ5Z653MVrrCRYgxNTIuRyC69gZHNiYNKDm0VzPsjId9KJTg3hkHTg6zrFbUXU7WT1mq%2BLSTNbJzLWHQlBUCzHZCdUoB8e8eBaPmg%3D%3D&notify_url=http%3A%2F%2Fyongxinxue.xin%2Freturn_url%2F3&charset=utf-8&version=1.0&sign_type=RSA2&method=alipay.trade.page.pay&return_url=http%3A%2F%2Fyongxinxue.xin%2Falipay%2Fcallback
query_order_url3teacher
https://openapi.alipay.com/gateway.do?format=json&timestamp=2018-01-12+21%3A40%3A04&app_id=2018010301557345&biz_content=%7B%22out_trade_no%22%3A%22201801122140043108175081%22%2C%22product_code%22%3A%22FAST_INSTANT_TRADE_PAY%22%2C%22total_amount%22%3A0.01%2C%22subject%22%3A%22%5Cu652f%5Cu4ed8%5Cu5b9d%5Cu56de%5Cu8c03%5Cu6d4b%5Cu8bd5%22%7D&sign=fKVisIUNSwTFRqiaPF4rdCW0CyKCi5BhpemTDBJs0is7Hp3PPSLdcPUC%2B3fdOVp%2FqSeMpmth2Ol2OVYNBAsPXf%2B0rCdl5KR92FKl8%2BHETgj%2BExRdgZFctIkpVuZ5ATTSYcOuqERaR2%2FtPgr23MJeYVihTJh1sIgREc3q08ZMgOo0jIl%2Fn4bHeB%2BJpdCYhp8IDdb26ah%2FOjQ8Kz1n5OG7cRdCiMDd6oJdfFKcxG6KL1IyIl8yAHuo9pROFW9FRH%2FYD2sPhDz7fN1sj7uhwq9Jm2yTHdqj%2BJ7T9DJ3s3hvlcHibStvFhci194jwLnw%2B1mdupHcPipwFJhOW4kwj5cswQ%3D%3D&notify_url=http%3A%2F%2Fyongxinxue.xin%2Freturn_url%2F3&charset=utf-8&version=1.0&sign_type=RSA2&method=alipay.trade.page.pay&return_url=http%3A%2F%2Fyongxinxue.xin%2Falipay%2Fcallback
query_order_url3teacher

https://openapi.alipay.com/gateway.do?format=json&timestamp=2018-01-12+21%3A39%3A34&app_id=2018010301557345&biz_content=%7B%22out_trade_no%22%3A%22201801122139349197727428%22%2C%22product_code%22%3A%22FAST_INSTANT_TRADE_PAY%22%2C%22total_amount%22%3A0.01%2C%22subject%22%3A%22%5Cu652f%5Cu4ed8%5Cu5b9d%5Cu56de%5Cu8c03%5Cu6d4b%5Cu8bd5%22%7D&sign=GOaJ1MgZzbB2L0dpIG9NdLHDBuj7uaOqXEAVPJnCEjOGHOtHOoUutjcGydZIwI8NwQZKYJLfZhBGfykETG1QARPRErS9XUT9fWflsOtpxpwfWYakDaRIhzuzrKVTnuORjcotbsSmIkLc9b6S4tebq%2Fzms%2Fh71bP0tmAhYRj8m%2B6GF6xGayOR54xy45R9txRXGlAR%2BygMC%2FPCVbNeAxC3nlRZza1VMWfh1pdTH0mC%2FQNSmr7%2FQVWatSZjuTtI9cbmzyx0j57nqQF%2BdD2Swh9xUUZvH9jihZqJcGzV2cTDOqIhmx7o4xFrb%2FYiEMAhUtJfOMTdBWtOR5HNZmy6j0wCQQ%3D%3D&notify_url=http%3A%2F%2Fyongxinxue.xin%2Freturn_url%2F3&charset=utf-8&version=1.0&sign_type=RSA2&method=alipay.trade.page.pay&return_url=http%3A%2F%2Fyongxinxue.xin%2Falipay%2Fcallback
query_order_url3teacher
https://openapi.alipay.com/gateway.do?format=json&timestamp=2018-01-12+21%3A39%3A52&app_id=2018010301557345&biz_content=%7B%22out_trade_no%22%3A%22201801122139527422218691%22%2C%22product_code%22%3A%22FAST_INSTANT_TRADE_PAY%22%2C%22total_amount%22%3A0.01%2C%22subject%22%3A%22%5Cu652f%5Cu4ed8%5Cu5b9d%5Cu56de%5Cu8c03%5Cu6d4b%5Cu8bd5%22%7D&sign=aU6mwXUPwG7A6CXGJbFyw9nZmnMr7gX5SiRlvn08GGVWnmGXjmnhsW0rKkHp2PuBFzBFmpeIIgyk%2F%2BtvRBA33U4njfuGvuGIZVSQEVdKGegd0zBBDcYl7UrulGczh7FPaNQe8v9Dn8SJNOLW1nQ1i8TyXOfw3QVBnVhti8DrJ4HQcyIrSEOTPukn2dhH%2Fk5DJL9pf%2Bdg8%2Bul3oSFg5njhXKu4t5CKm45Kf058474RzQxs7C1tuG%2FeDrpiTlIHyvvVEVx6Cb7iWebKAP9SdkpMzuLvwrA0meg%2FEJCn8eNGRqX4lzo1KJCaTRXlGMIt%2Fv7Mu0k82HC%2F8U0tGNnT4WM8w%3D%3D&notify_url=http%3A%2F%2Fyongxinxue.xin%2Freturn_url%2F3&charset=utf-8&version=1.0&sign_type=RSA2&method=alipay.trade.page.pay&return_url=http%3A%2F%2Fyongxinxue.xin%2Falipay%2Fcallback
query_order_url3teacher
{u'code': u'40004', u'sub_msg': u'\u4ea4\u6613\u4e0d\u5b58\u5728', u'sub_code': u'ACQ.TRADE_NOT_EXIST', u'receipt_amount': u'0.00', u'out_trade_no': u'201801122125271813571232', u'buyer_pay_amount': u'0.00', u'invoice_amount': u'0.00', u'msg': u'Business Failed', u'point_amount': u'0.00'}
/root/anaconda2/envs/huxiaofei/lib/python2.7/site-packages/urllib3/connectionpool.py:858: InsecureRequestWarning: Unverified HTTPS request is being made. Adding certificate verification is strongly advised. See: https://urllib3.readthedocs.io/en/latest/advanced-usage.html#ssl-warnings
  InsecureRequestWarning)
/root/anaconda2/envs/huxiaofei/lib/python2.7/site-packages/urllib3/connectionpool.py:858: InsecureRequestWarning: Unverified HTTPS request is being made. Adding certificate verification is strongly advised. See: https://urllib3.readthedocs.io/en/latest/advanced-usage.html#ssl-warnings
  InsecureRequestWarning)
/root/anaconda2/envs/huxiaofei/lib/python2.7/site-packages/urllib3/connectionpool.py:858: InsecureRequestWarning: Unverified HTTPS request is being made. Adding certificate verification is strongly advised. See: https://urllib3.readthedocs.io/en/latest/advanced-usage.html#ssl-warnings
  InsecureRequestWarning)
/root/anaconda2/envs/huxiaofei/lib/python2.7/site-packages/urllib3/connectionpool.py:858: InsecureRequestWarning: Unverified HTTPS request is being made. Adding certificate verification is strongly advised. See: https://urllib3.readthedocs.io/en/latest/advanced-usage.html#ssl-warnings
  InsecureRequestWarning)
/root/anaconda2/envs/huxiaofei/lib/python2.7/site-packages/urllib3/connectionpool.py:858: InsecureRequestWarning: Unverified HTTPS request is being made. Adding certificate verification is strongly advised. See: https://urllib3.readthedocs.io/en/latest/advanced-usage.html#ssl-warnings
  InsecureRequestWarning)
/root/anaconda2/envs/huxiaofei/lib/python2.7/site-packages/urllib3/connectionpool.py:858: InsecureRequestWarning: Unverified HTTPS request is being made. Adding certificate verification is strongly advised. See: https://urllib3.readthedocs.io/en/latest/advanced-usage.html#ssl-warnings
  InsecureRequestWarning)
/root/anaconda2/envs/huxiaofei/lib/python2.7/site-packages/urllib3/connectionpool.py:858: InsecureRequestWarning: Unverified HTTPS request is being made. Adding certificate verification is strongly advised. See: https://urllib3.readthedocs.io/en/latest/advanced-usage.html#ssl-warnings
  InsecureRequestWarning)
/root/anaconda2/envs/huxiaofei/lib/python2.7/site-packages/urllib3/connectionpool.py:858: InsecureRequestWarning: Unverified HTTPS request is being made. Adding certificate verification is strongly advised. See: https://urllib3.readthedocs.io/en/latest/advanced-usage.html#ssl-warnings
  InsecureRequestWarning)
/root/anaconda2/envs/huxiaofei/lib/python2.7/site-packages/urllib3/connectionpool.py:858: InsecureRequestWarning: Unverified HTTPS request is being made. Adding certificate verification is strongly advised. See: https://urllib3.readthedocs.io/en/latest/advanced-usage.html#ssl-warnings
  InsecureRequestWarning)
send: 'ehlo [127.0.0.1]\r\n'
reply: '250-mail\r\n'
reply: '250-PIPELINING\r\n'
reply: '250-AUTH LOGIN PLAIN\r\n'
reply: '250-AUTH=LOGIN PLAIN\r\n'
reply: '250-coremail 1Uxr2xKj7kG0xkI17xGrU7I0s8FY2U3Uj8Cz28x1UUUUU7Ic2I0Y2UrY3NFmUCa0xDrUUUUj\r\n'
reply: '250-STARTTLS\r\n'
reply: '250 8BITMIME\r\n'
reply: retcode (250); Msg: mail
PIPELINING
AUTH LOGIN PLAIN
AUTH=LOGIN PLAIN
coremail 1Uxr2xKj7kG0xkI17xGrU7I0s8FY2U3Uj8Cz28x1UUUUU7Ic2I0Y2UrY3NFmUCa0xDrUUUUj
STARTTLS
8BITMIME
send: 'AUTH PLAIN AGdlb19tYXN0ZXIAMzAyMDI4MnpqeWQ=\r\n'
reply: '235 Authentication successful\r\n'
reply: retcode (235); Msg: Authentication successful
send: 'mail FROM:<geo_master@163.com>\r\n'
reply: '250 Mail OK\r\n'
reply: retcode (250); Msg: Mail OK
send: u'rcpt TO:<mvpsxl89751@chacuo.net>\r\n'
reply: '250 Mail OK\r\n'
reply: retcode (250); Msg: Mail OK
send: 'data\r\n'
reply: '354 End data with <CR><LF>.<CR><LF>\r\n'
reply: retcode (354); Msg: End data with <CR><LF>.<CR><LF>
data: (354, 'End data with <CR><LF>.<CR><LF>')
send: 'Content-Type: multipart/mixed; boundary="===============5522414466546161447=="\r\nMIME-Version: 1.0\r\nSubject: [YXX] Confirm Your Account\r\nFrom: YXX <geo_master@163.com>\r\nTo: mvpsxl89751@chacuo.net\r\nDate: Mon, 22 Jan 2018 22:45:29 +0800\r\nMessage-ID: <151663232938.28412.16952417126927347502@YXX>\r\n\r\n--===============5522414466546161447==\r\nContent-Type: multipart/alternative;\r\n boundary="===============7356473689462482570=="\r\nMIME-Version: 1.0\r\n\r\n--===============7356473689462482570==\r\nContent-Type: text/plain; charset="utf-8"\r\nMIME-Version: 1.0\r\nContent-Transfer-Encoding: 8bit\r\n\r\n\xe5\x97\xa8\xef\xbc\x8czhaijy\xef\xbc\x8c\r\n\xe6\xac\xa2\xe8\xbf\x8e\xe4\xbd\xbf\xe7\x94\xa8\xe7\x94\xa8\xe8\x8a\xaf\xe5\xad\xa6\xef\xbc\x81\r\n\xe6\x88\x91\xe4\xbb\xac\xe6\x98\xaf\xe5\x90\x8c\xe5\xbf\x97\xe4\xba\x86\xef\xbc\x81\r\n\xe8\xaf\xb7\xe7\xb2\x98\xe8\xb4\xb4\xe4\xb8\x8b\xe9\x9d\xa2url\xe5\x88\xb0\xe6\xb5\x8f\xe8\xa7\x88\xe5\x99\xa8\xe5\x9c\xb0\xe5\x9d\x80\xe6\xa0\x8f\xe4\xb8\xad\xe5\xae\x8c\xe6\x88\x90\xe9\xaa\x8c\xe8\xaf\x81\xe3\x80\x82\r\nhttp://yongxinxue.xin/auth/confirm/eyJhbGciOiJIUzI1NiIsImV4cCI6MTUxNjYzNTkyOSwiaWF0IjoxNTE2NjMyMzI5fQ.eyJjb25maXJtIjo0fQ.4fGViovgxwBFFRyU52_zU6pHAcJoqrTdoitJrGPog2w\r\n\xe7\xa5\x9d\xe5\xa5\xbd\xef\xbc\x81\r\n\xe7\x94\xa8\xe8\x8a\xaf\xe5\xad\xa6\r\n\xe4\xb8\x8d\xe8\xa6\x81\xe5\x9b\x9e\xe5\xa4\x8d\xe4\xb8\x8d\xe8\xa6\x81\xe5\x9b\x9e\xe5\xa4\x8d\xe4\xb8\x8d\xe8\xa6\x81\xe5\x9b\x9e\xe5\xa4\x8d\r\n--===============7356473689462482570==\r\nContent-Type: text/html; charset="utf-8"\r\nMIME-Version: 1.0\r\nContent-Transfer-Encoding: 8bit\r\n\r\n<p>\xe5\x97\xa8\xef\xbc\x8czhaijy\xef\xbc\x8c</p>\r\n<p>\xe6\xac\xa2\xe8\xbf\x8e\xe4\xbd\xbf\xe7\x94\xa8<b>\xe7\x94\xa8\xe8\x8a\xaf\xe5\xad\xa6</b>\xef\xbc\x81</p>\r\n<p>\xe6\x88\x91\xe4\xbb\xac\xe6\x98\xaf\xe5\x90\x8c\xe5\xbf\x97\xe4\xba\x86\xef\xbc\x81</p>\r\n<p>\xe8\xaf\xb7<a href="http://yongxinxue.xin/auth/confirm/eyJhbGciOiJIUzI1NiIsImV4cCI6MTUxNjYzNTkyOSwiaWF0IjoxNTE2NjMyMzI5fQ.eyJjb25maXJtIjo0fQ.4fGViovgxwBFFRyU52_zU6pHAcJoqrTdoitJrGPog2w">\xe7\x82\xb9\xe5\x87\xbb\xe8\xbf\x99\xe9\x87\x8c</a>\xe9\xaa\x8c\xe8\xaf\x81\xe9\x82\xae\xe7\xae\xb1\xe3\x80\x82</p>\r\n<p>\xe6\x88\x96\xe8\x80\x85\xe7\xb2\x98\xe8\xb4\xb4\xe4\xb8\x8b\xe9\x9d\xa2url\xe5\x88\xb0\xe6\xb5\x8f\xe8\xa7\x88\xe5\x99\xa8\xe5\x9c\xb0\xe5\x9d\x80\xe6\xa0\x8f\xe4\xb8\xad</p>\r\n<p>http://yongxinxue.xin/auth/confirm/eyJhbGciOiJIUzI1NiIsImV4cCI6MTUxNjYzNTkyOSwiaWF0IjoxNTE2NjMyMzI5fQ.eyJjb25maXJtIjo0fQ.4fGViovgxwBFFRyU52_zU6pHAcJoqrTdoitJrGPog2w</p>\r\n<p>\xe7\xa5\x9d\xe5\xa5\xbd\xef\xbc\x81</p>\r\n<p>\xe7\x94\xa8\xe8\x8a\xaf\xe5\xad\xa6</p>\r\n<p><small>\xe4\xb8\x8d\xe8\xa6\x81\xe5\x9b\x9e\xe5\xa4\x8d\xe4\xb8\x8d\xe8\xa6\x81\xe5\x9b\x9e\xe5\xa4\x8d\xe4\xb8\x8d\xe8\xa6\x81\xe5\x9b\x9e\xe5\xa4\x8d</small></p>\r\n--===============7356473689462482570==--\r\n\r\n--===============5522414466546161447==--\r\n.\r\n'
reply: '250 Mail OK queued as smtp11,D8CowACXvSUJ+WVaTDnnDg--.2698S2 1516632330\r\n'
reply: retcode (250); Msg: Mail OK queued as smtp11,D8CowACXvSUJ+WVaTDnnDg--.2698S2 1516632330
data: (250, 'Mail OK queued as smtp11,D8CowACXvSUJ+WVaTDnnDg--.2698S2 1516632330')
send: 'quit\r\n'
reply: '221 Bye\r\n'
reply: retcode (221); Msg: Bye
/root/anaconda2/envs/huxiaofei/lib/python2.7/site-packages/urllib3/connectionpool.py:858: InsecureRequestWarning: Unverified HTTPS request is being made. Adding certificate verification is strongly advised. See: https://urllib3.readthedocs.io/en/latest/advanced-usage.html#ssl-warnings
  InsecureRequestWarning)
/root/anaconda2/envs/huxiaofei/lib/python2.7/site-packages/urllib3/connectionpool.py:858: InsecureRequestWarning: Unverified HTTPS request is being made. Adding certificate verification is strongly advised. See: https://urllib3.readthedocs.io/en/latest/advanced-usage.html#ssl-warnings
  InsecureRequestWarning)
/root/anaconda2/envs/huxiaofei/lib/python2.7/site-packages/urllib3/connectionpool.py:858: InsecureRequestWarning: Unverified HTTPS request is being made. Adding certificate verification is strongly advised. See: https://urllib3.readthedocs.io/en/latest/advanced-usage.html#ssl-warnings
  InsecureRequestWarning)
/root/anaconda2/envs/huxiaofei/lib/python2.7/site-packages/urllib3/connectionpool.py:858: InsecureRequestWarning: Unverified HTTPS request is being made. Adding certificate verification is strongly advised. See: https://urllib3.readthedocs.io/en/latest/advanced-usage.html#ssl-warnings
  InsecureRequestWarning)
/root/anaconda2/envs/huxiaofei/lib/python2.7/site-packages/urllib3/connectionpool.py:858: InsecureRequestWarning: Unverified HTTPS request is being made. Adding certificate verification is strongly advised. See: https://urllib3.readthedocs.io/en/latest/advanced-usage.html#ssl-warnings
  InsecureRequestWarning)
/root/anaconda2/envs/huxiaofei/lib/python2.7/site-packages/urllib3/connectionpool.py:858: InsecureRequestWarning: Unverified HTTPS request is being made. Adding certificate verification is strongly advised. See: https://urllib3.readthedocs.io/en/latest/advanced-usage.html#ssl-warnings
  InsecureRequestWarning)
/root/anaconda2/envs/huxiaofei/lib/python2.7/site-packages/urllib3/connectionpool.py:858: InsecureRequestWarning: Unverified HTTPS request is being made. Adding certificate verification is strongly advised. See: https://urllib3.readthedocs.io/en/latest/advanced-usage.html#ssl-warnings
  InsecureRequestWarning)
/root/anaconda2/envs/huxiaofei/lib/python2.7/site-packages/urllib3/connectionpool.py:858: InsecureRequestWarning: Unverified HTTPS request is being made. Adding certificate verification is strongly advised. See: https://urllib3.readthedocs.io/en/latest/advanced-usage.html#ssl-warnings
  InsecureRequestWarning)
/root/anaconda2/envs/huxiaofei/lib/python2.7/site-packages/urllib3/connectionpool.py:858: InsecureRequestWarning: Unverified HTTPS request is being made. Adding certificate verification is strongly advised. See: https://urllib3.readthedocs.io/en/latest/advanced-usage.html#ssl-warnings
  InsecureRequestWarning)
/root/anaconda2/envs/huxiaofei/lib/python2.7/site-packages/urllib3/connectionpool.py:858: InsecureRequestWarning: Unverified HTTPS request is being made. Adding certificate verification is strongly advised. See: https://urllib3.readthedocs.io/en/latest/advanced-usage.html#ssl-warnings
  InsecureRequestWarning)
/root/anaconda2/envs/huxiaofei/lib/python2.7/site-packages/urllib3/connectionpool.py:858: InsecureRequestWarning: Unverified HTTPS request is being made. Adding certificate verification is strongly advised. See: https://urllib3.readthedocs.io/en/latest/advanced-usage.html#ssl-warnings
  InsecureRequestWarning)
/root/anaconda2/envs/huxiaofei/lib/python2.7/site-packages/urllib3/connectionpool.py:858: InsecureRequestWarning: Unverified HTTPS request is being made. Adding certificate verification is strongly advised. See: https://urllib3.readthedocs.io/en/latest/advanced-usage.html#ssl-warnings
  InsecureRequestWarning)
